RimWorld by Ludeon Studios by Ludeon Studios [version: Unity 2019.4.30f1_e8c891080a1f]

UnityPlayer.dll caused a Breakpoint (0x80000003)
  in module UnityPlayer.dll at 0033:b47242bb.

Error occurred at 2023-11-07_214838.
C:\Program Files (x86)\RimWorld\RimWorldWin64.exe, run by Pelmen.

96% physical memory in use.
16276 MB physical memory [501 MB free].
14018 MB process peak paging file [13681 MB used].
12391 MB process peak working set [11015 MB used].
System Commit Total/Limit/Peak: 18323MB/18324MB/18323MB
System Physical Total/Available: 16276MB/501MB
System Process Count: 208
System Thread Count: 1981
System Handle Count: 75376
Disk space data for 'C:\Users\DELL\AppData\Local\Temp\Ludeon Studios\RimWorld by Ludeon Studios\Crashes\Crash_2023-11-07_194836587\': 82818547712 bytes free of 485239988224 total.


Context:
RDI:    0x0000000000000000  RSI: 0x000000a420aedca0  RAX:   0x0000000000000000
RBX:    0x000000000000000c  RCX: 0x000001fc00000140  RDX:   0x000000000000032f
RIP:    0x00007ff8b47242bb  RBP: 0x000000a420aedb59  SegCs: 0x0000000000000033
EFlags: 0x0000000000000202  RSP: 0x000000a420aedae0  SegSs: 0x000000000000002b
R8:     0x0000000000000010  R9:  0x00007ff8b4d9e004  R10:   0x0000000000000000
R11:    0x000000a420aed880  R12: 0x0000000000000000  R13:   0x00007ff8b4d9e004
R14:    0x00007ff8b4e1ca48  R15: 0x0000000000000000


Bytes at CS:EIP:
cc 8b 0d 3e 32 9d 00 ff 15 e8 25 67 00 8b 0d 32 

Mono DLL loaded successfully at 'C:\Program Files (x86)\RimWorld\MonoBleedingEdge\EmbedRuntime\mono-2.0-bdwgc.dll'.


Stack Trace of Crashed Thread 10876:
0x00007FF8B47242BB (UnityPlayer) UnityMain
0x00007FF8B4723DCA (UnityPlayer) UnityMain
0x00007FF8B3EDF202 (UnityPlayer) UnityMain
0x00007FF8B3EDD0CE (UnityPlayer) UnityMain
0x00007FF8B3EDCCD3 (UnityPlayer) UnityMain
0x00007FF8B3FE4491 (UnityPlayer) UnityMain
0x00007FF8B42D9097 (UnityPlayer) UnityMain
0x000001FD2F3534E9 (UnityEngine.CoreModule) UnityEngine.Texture2D.Compress()
0x000001FD2E6ABAAB (Assembly-CSharp) Verse.StaticTextureAtlas.Bake()
0x000001FD2E6AA66B (Assembly-CSharp) Verse.GlobalTextureAtlasManager.<BakeStaticAtlases>g__FlushBatch|7_0()
0x000001FD2E6A9B2B (Assembly-CSharp) Verse.GlobalTextureAtlasManager.BakeStaticAtlases()
0x000001FD1CBD1EF3 (Assembly-CSharp) <>c.<DoPlayLoad>b__4_5()

Stacks for Running Threads:

Call Stack for Thread 4372:
ERROR: SymGetSymFromAddr64, GetLastError: 'Попытка обращения к неверному адресу.' (Address: 00007FF9210AD144)
0x00007FF9210AD144 (ntdll) (function-name not available)
ERROR: SymGetSymFromAddr64, GetLastError: 'Попытка обращения к неверному адресу.' (Address: 00007FF91ECE306E)
0x00007FF91ECE306E (KERNELBASE) (function-name not available)
ERROR: SymGetSymFromAddr64, GetLastError: 'Попытка обращения к неверному адресу.' (Address: 00007FF8CBA25E7F)
0x00007FF8CBA25E7F (mono-2.0-bdwgc) (function-name not available)
ERROR: SymGetSymFromAddr64, GetLastError: 'Попытка обращения к неверному адресу.' (Address: 00007FF8CBB14EED)
0x00007FF8CBB14EED (mono-2.0-bdwgc) (function-name not available)
ERROR: SymGetSymFromAddr64, GetLastError: 'Попытка обращения к неверному адресу.' (Address: 00007FF8CBB13CC5)
0x00007FF8CBB13CC5 (mono-2.0-bdwgc) (function-name not available)
ERROR: SymGetSymFromAddr64, GetLastError: 'Попытка обращения к неверному адресу.' (Address: 00007FF8CBAD6BD8)
0x00007FF8CBAD6BD8 (mono-2.0-bdwgc) (function-name not available)
ERROR: SymGetSymFromAddr64, GetLastError: 'Попытка обращения к неверному адресу.' (Address: 00007FF8CBAD6966)
0x00007FF8CBAD6966 (mono-2.0-bdwgc) (function-name not available)
ERROR: SymGetSymFromAddr64, GetLastError: 'Попытка обращения к неверному адресу.' (Address: 00007FF920A07034)
0x00007FF920A07034 (KERNEL32) (function-name not available)
ERROR: SymGetSymFromAddr64, GetLastError: 'Попытка обращения к неверному адресу.' (Address: 00007FF9210626A1)
0x00007FF9210626A1 (ntdll) (function-name not available)


Call Stack for Thread 12092:
ERROR: SymGetSymFromAddr64, GetLastError: 'Попытка обращения к неверному адресу.' (Address: 00007FF9210AD144)
0x00007FF9210AD144 (ntdll) (function-name not available)
ERROR: SymGetSymFromAddr64, GetLastError: 'Попытка обращения к неверному адресу.' (Address: 00007FF91ECE306E)
0x00007FF91ECE306E (KERNELBASE) (function-name not available)
0x00007FF8B48147E2 (UnityPlayer) UnityMain
0x00007FF8B40A1680 (UnityPlayer) UnityMain
0x00007FF8B40A2750 (UnityPlayer) UnityMain
0x00007FF8B418EEB8 (UnityPlayer) UnityMain
ERROR: SymGetSymFromAddr64, GetLastError: 'Попытка обращения к неверному адресу.' (Address: 00007FF920A07034)
0x00007FF920A07034 (KERNEL32) (function-name not available)
ERROR: SymGetSymFromAddr64, GetLastError: 'Попытка обращения к неверному адресу.' (Address: 00007FF9210626A1)
0x00007FF9210626A1 (ntdll) (function-name not available)


Call Stack for Thread 10832:
ERROR: SymGetSymFromAddr64, GetLastError: 'Попытка обращения к неверному адресу.' (Address: 00007FF9210AD144)
0x00007FF9210AD144 (ntdll) (function-name not available)
ERROR: SymGetSymFromAddr64, GetLastError: 'Попытка обращения к неверному адресу.' (Address: 00007FF91ECE306E)
0x00007FF91ECE306E (KERNELBASE) (function-name not available)
0x00007FF8B48147E2 (UnityPlayer) UnityMain
0x00007FF8B40A1680 (UnityPlayer) UnityMain
0x00007FF8B40A2750 (UnityPlayer) UnityMain
0x00007FF8B418EEB8 (UnityPlayer) UnityMain
ERROR: SymGetSymFromAddr64, GetLastError: 'Попытка обращения к неверному адресу.' (Address: 00007FF920A07034)
0x00007FF920A07034 (KERNEL32) (function-name not available)
ERROR: SymGetSymFromAddr64, GetLastError: 'Попытка обращения к неверному адресу.' (Address: 00007FF9210626A1)
0x00007FF9210626A1 (ntdll) (function-name not available)


Call Stack for Thread 3228:
ERROR: SymGetSymFromAddr64, GetLastError: 'Попытка обращения к неверному адресу.' (Address: 00007FF9210AD144)
0x00007FF9210AD144 (ntdll) (function-name not available)
ERROR: SymGetSymFromAddr64, GetLastError: 'Попытка обращения к неверному адресу.' (Address: 00007FF91ECE306E)
0x00007FF91ECE306E (KERNELBASE) (function-name not available)
0x00007FF8B48147E2 (UnityPlayer) UnityMain
0x00007FF8B40A1680 (UnityPlayer) UnityMain
0x00007FF8B40A2750 (UnityPlayer) UnityMain
0x00007FF8B418EEB8 (UnityPlayer) UnityMain
ERROR: SymGetSymFromAddr64, GetLastError: 'Попытка обращения к неверному адресу.' (Address: 00007FF920A07034)
0x00007FF920A07034 (KERNEL32) (function-name not available)
ERROR: SymGetSymFromAddr64, GetLastError: 'Попытка обращения к неверному адресу.' (Address: 00007FF9210626A1)
0x00007FF9210626A1 (ntdll) (function-name not available)


Call Stack for Thread 11492:
ERROR: SymGetSymFromAddr64, GetLastError: 'Попытка обращения к неверному адресу.' (Address: 00007FF9210AD144)
0x00007FF9210AD144 (ntdll) (function-name not available)
ERROR: SymGetSymFromAddr64, GetLastError: 'Попытка обращения к неверному адресу.' (Address: 00007FF91ECE306E)
0x00007FF91ECE306E (KERNELBASE) (function-name not available)
0x00007FF8B48147E2 (UnityPlayer) UnityMain
0x00007FF8B40A1680 (UnityPlayer) UnityMain
0x00007FF8B40A2750 (UnityPlayer) UnityMain
0x00007FF8B418EEB8 (UnityPlayer) UnityMain
ERROR: SymGetSymFromAddr64, GetLastError: 'Попытка обращения к неверному адресу.' (Address: 00007FF920A07034)
0x00007FF920A07034 (KERNEL32) (function-name not available)
ERROR: SymGetSymFromAddr64, GetLastError: 'Попытка обращения к неверному адресу.' (Address: 00007FF9210626A1)
0x00007FF9210626A1 (ntdll) (function-name not available)


Call Stack for Thread 8724:
ERROR: SymGetSymFromAddr64, GetLastError: 'Попытка обращения к неверному адресу.' (Address: 00007FF9210AD144)
0x00007FF9210AD144 (ntdll) (function-name not available)
ERROR: SymGetSymFromAddr64, GetLastError: 'Попытка обращения к неверному адресу.' (Address: 00007FF91ECE306E)
0x00007FF91ECE306E (KERNELBASE) (function-name not available)
0x00007FF8B48147E2 (UnityPlayer) UnityMain
0x00007FF8B40A1680 (UnityPlayer) UnityMain
0x00007FF8B40A2750 (UnityPlayer) UnityMain
0x00007FF8B418EEB8 (UnityPlayer) UnityMain
ERROR: SymGetSymFromAddr64, GetLastError: 'Попытка обращения к неверному адресу.' (Address: 00007FF920A07034)
0x00007FF920A07034 (KERNEL32) (function-name not available)
ERROR: SymGetSymFromAddr64, GetLastError: 'Попытка обращения к неверному адресу.' (Address: 00007FF9210626A1)
0x00007FF9210626A1 (ntdll) (function-name not available)


Call Stack for Thread 11892:
ERROR: SymGetSymFromAddr64, GetLastError: 'Попытка обращения к неверному адресу.' (Address: 00007FF9210AD144)
0x00007FF9210AD144 (ntdll) (function-name not available)
ERROR: SymGetSymFromAddr64, GetLastError: 'Попытка обращения к неверному адресу.' (Address: 00007FF91ECE306E)
0x00007FF91ECE306E (KERNELBASE) (function-name not available)
0x00007FF8B48147E2 (UnityPlayer) UnityMain
0x00007FF8B40A1680 (UnityPlayer) UnityMain
0x00007FF8B40A2750 (UnityPlayer) UnityMain
0x00007FF8B418EEB8 (UnityPlayer) UnityMain
ERROR: SymGetSymFromAddr64, GetLastError: 'Попытка обращения к неверному адресу.' (Address: 00007FF920A07034)
0x00007FF920A07034 (KERNEL32) (function-name not available)
ERROR: SymGetSymFromAddr64, GetLastError: 'Попытка обращения к неверному адресу.' (Address: 00007FF9210626A1)
0x00007FF9210626A1 (ntdll) (function-name not available)


Call Stack for Thread 3600:
ERROR: SymGetSymFromAddr64, GetLastError: 'Попытка обращения к неверному адресу.' (Address: 00007FF9210AD144)
0x00007FF9210AD144 (ntdll) (function-name not available)
ERROR: SymGetSymFromAddr64, GetLastError: 'Попытка обращения к неверному адресу.' (Address: 00007FF91ECE306E)
0x00007FF91ECE306E (KERNELBASE) (function-name not available)
0x00007FF8B48147E2 (UnityPlayer) UnityMain
0x00007FF8B40A1680 (UnityPlayer) UnityMain
0x00007FF8B40A2750 (UnityPlayer) UnityMain
0x00007FF8B418EEB8 (UnityPlayer) UnityMain
ERROR: SymGetSymFromAddr64, GetLastError: 'Попытка обращения к неверному адресу.' (Address: 00007FF920A07034)
0x00007FF920A07034 (KERNEL32) (function-name not available)
ERROR: SymGetSymFromAddr64, GetLastError: 'Попытка обращения к неверному адресу.' (Address: 00007FF9210626A1)
0x00007FF9210626A1 (ntdll) (function-name not available)


Call Stack for Thread 11232:
ERROR: SymGetSymFromAddr64, GetLastError: 'Попытка обращения к неверному адресу.' (Address: 00007FF9210AD144)
0x00007FF9210AD144 (ntdll) (function-name not available)
ERROR: SymGetSymFromAddr64, GetLastError: 'Попытка обращения к неверному адресу.' (Address: 00007FF91ECE306E)
0x00007FF91ECE306E (KERNELBASE) (function-name not available)
0x00007FF8B48147E2 (UnityPlayer) UnityMain
0x00007FF8B40A1680 (UnityPlayer) UnityMain
0x00007FF8B40A2750 (UnityPlayer) UnityMain
0x00007FF8B418EEB8 (UnityPlayer) UnityMain
ERROR: SymGetSymFromAddr64, GetLastError: 'Попытка обращения к неверному адресу.' (Address: 00007FF920A07034)
0x00007FF920A07034 (KERNEL32) (function-name not available)
ERROR: SymGetSymFromAddr64, GetLastError: 'Попытка обращения к неверному адресу.' (Address: 00007FF9210626A1)
0x00007FF9210626A1 (ntdll) (function-name not available)


Call Stack for Thread 11644:
ERROR: SymGetSymFromAddr64, GetLastError: 'Попытка обращения к неверному адресу.' (Address: 00007FF9210AD144)
0x00007FF9210AD144 (ntdll) (function-name not available)
ERROR: SymGetSymFromAddr64, GetLastError: 'Попытка обращения к неверному адресу.' (Address: 00007FF91ECE306E)
0x00007FF91ECE306E (KERNELBASE) (function-name not available)
0x00007FF8B48147E2 (UnityPlayer) UnityMain
0x00007FF8B40A1680 (UnityPlayer) UnityMain
0x00007FF8B40A2750 (UnityPlayer) UnityMain
0x00007FF8B418EEB8 (UnityPlayer) UnityMain
ERROR: SymGetSymFromAddr64, GetLastError: 'Попытка обращения к неверному адресу.' (Address: 00007FF920A07034)
0x00007FF920A07034 (KERNEL32) (function-name not available)
ERROR: SymGetSymFromAddr64, GetLastError: 'Попытка обращения к неверному адресу.' (Address: 00007FF9210626A1)
0x00007FF9210626A1 (ntdll) (function-name not available)


Call Stack for Thread 8880:
ERROR: SymGetSymFromAddr64, GetLastError: 'Попытка обращения к неверному адресу.' (Address: 00007FF9210AD144)
0x00007FF9210AD144 (ntdll) (function-name not available)
ERROR: SymGetSymFromAddr64, GetLastError: 'Попытка обращения к неверному адресу.' (Address: 00007FF91ECE306E)
0x00007FF91ECE306E (KERNELBASE) (function-name not available)
0x00007FF8B48147E2 (UnityPlayer) UnityMain
0x00007FF8B40A1680 (UnityPlayer) UnityMain
0x00007FF8B40A2750 (UnityPlayer) UnityMain
0x00007FF8B418EEB8 (UnityPlayer) UnityMain
ERROR: SymGetSymFromAddr64, GetLastError: 'Попытка обращения к неверному адресу.' (Address: 00007FF920A07034)
0x00007FF920A07034 (KERNEL32) (function-name not available)
ERROR: SymGetSymFromAddr64, GetLastError: 'Попытка обращения к неверному адресу.' (Address: 00007FF9210626A1)
0x00007FF9210626A1 (ntdll) (function-name not available)


Call Stack for Thread 2384:
ERROR: SymGetSymFromAddr64, GetLastError: 'Попытка обращения к неверному адресу.' (Address: 00007FF9210AD144)
0x00007FF9210AD144 (ntdll) (function-name not available)
ERROR: SymGetSymFromAddr64, GetLastError: 'Попытка обращения к неверному адресу.' (Address: 00007FF91ECE306E)
0x00007FF91ECE306E (KERNELBASE) (function-name not available)
0x00007FF8B48147E2 (UnityPlayer) UnityMain
0x00007FF8B40A1680 (UnityPlayer) UnityMain
0x00007FF8B40A2750 (UnityPlayer) UnityMain
0x00007FF8B418EEB8 (UnityPlayer) UnityMain
ERROR: SymGetSymFromAddr64, GetLastError: 'Попытка обращения к неверному адресу.' (Address: 00007FF920A07034)
0x00007FF920A07034 (KERNEL32) (function-name not available)
ERROR: SymGetSymFromAddr64, GetLastError: 'Попытка обращения к неверному адресу.' (Address: 00007FF9210626A1)
0x00007FF9210626A1 (ntdll) (function-name not available)


Call Stack for Thread 8992:
ERROR: SymGetSymFromAddr64, GetLastError: 'Попытка обращения к неверному адресу.' (Address: 00007FF9210AD144)
0x00007FF9210AD144 (ntdll) (function-name not available)
ERROR: SymGetSymFromAddr64, GetLastError: 'Попытка обращения к неверному адресу.' (Address: 00007FF91ECE306E)
0x00007FF91ECE306E (KERNELBASE) (function-name not available)
0x00007FF8B48147E2 (UnityPlayer) UnityMain
0x00007FF8B40A1680 (UnityPlayer) UnityMain
0x00007FF8B40A2750 (UnityPlayer) UnityMain
0x00007FF8B418EEB8 (UnityPlayer) UnityMain
ERROR: SymGetSymFromAddr64, GetLastError: 'Попытка обращения к неверному адресу.' (Address: 00007FF920A07034)
0x00007FF920A07034 (KERNEL32) (function-name not available)
ERROR: SymGetSymFromAddr64, GetLastError: 'Попытка обращения к неверному адресу.' (Address: 00007FF9210626A1)
0x00007FF9210626A1 (ntdll) (function-name not available)


Call Stack for Thread 1916:
ERROR: SymGetSymFromAddr64, GetLastError: 'Попытка обращения к неверному адресу.' (Address: 00007FF9210AD144)
0x00007FF9210AD144 (ntdll) (function-name not available)
ERROR: SymGetSymFromAddr64, GetLastError: 'Попытка обращения к неверному адресу.' (Address: 00007FF91ECE306E)
0x00007FF91ECE306E (KERNELBASE) (function-name not available)
0x00007FF8B48147E2 (UnityPlayer) UnityMain
0x00007FF8B40A1680 (UnityPlayer) UnityMain
0x00007FF8B40A2750 (UnityPlayer) UnityMain
0x00007FF8B418EEB8 (UnityPlayer) UnityMain
ERROR: SymGetSymFromAddr64, GetLastError: 'Попытка обращения к неверному адресу.' (Address: 00007FF920A07034)
0x00007FF920A07034 (KERNEL32) (function-name not available)
ERROR: SymGetSymFromAddr64, GetLastError: 'Попытка обращения к неверному адресу.' (Address: 00007FF9210626A1)
0x00007FF9210626A1 (ntdll) (function-name not available)


Call Stack for Thread 7828:
ERROR: SymGetSymFromAddr64, GetLastError: 'Попытка обращения к неверному адресу.' (Address: 00007FF9210AD144)
0x00007FF9210AD144 (ntdll) (function-name not available)
ERROR: SymGetSymFromAddr64, GetLastError: 'Попытка обращения к неверному адресу.' (Address: 00007FF91ECE306E)
0x00007FF91ECE306E (KERNELBASE) (function-name not available)
0x00007FF8B48147E2 (UnityPlayer) UnityMain
0x00007FF8B40A1680 (UnityPlayer) UnityMain
0x00007FF8B40A2750 (UnityPlayer) UnityMain
0x00007FF8B418EEB8 (UnityPlayer) UnityMain
ERROR: SymGetSymFromAddr64, GetLastError: 'Попытка обращения к неверному адресу.' (Address: 00007FF920A07034)
0x00007FF920A07034 (KERNEL32) (function-name not available)
ERROR: SymGetSymFromAddr64, GetLastError: 'Попытка обращения к неверному адресу.' (Address: 00007FF9210626A1)
0x00007FF9210626A1 (ntdll) (function-name not available)


Call Stack for Thread 3732:
ERROR: SymGetSymFromAddr64, GetLastError: 'Попытка обращения к неверному адресу.' (Address: 00007FF9210AD144)
0x00007FF9210AD144 (ntdll) (function-name not available)
ERROR: SymGetSymFromAddr64, GetLastError: 'Попытка обращения к неверному адресу.' (Address: 00007FF91ECE306E)
0x00007FF91ECE306E (KERNELBASE) (function-name not available)
0x00007FF8B48147E2 (UnityPlayer) UnityMain
0x00007FF8B40A1680 (UnityPlayer) UnityMain
0x00007FF8B40A2750 (UnityPlayer) UnityMain
0x00007FF8B418EEB8 (UnityPlayer) UnityMain
ERROR: SymGetSymFromAddr64, GetLastError: 'Попытка обращения к неверному адресу.' (Address: 00007FF920A07034)
0x00007FF920A07034 (KERNEL32) (function-name not available)
ERROR: SymGetSymFromAddr64, GetLastError: 'Попытка обращения к неверному адресу.' (Address: 00007FF9210626A1)
0x00007FF9210626A1 (ntdll) (function-name not available)


Call Stack for Thread 11460:
ERROR: SymGetSymFromAddr64, GetLastError: 'Попытка обращения к неверному адресу.' (Address: 00007FF9210AD144)
0x00007FF9210AD144 (ntdll) (function-name not available)
ERROR: SymGetSymFromAddr64, GetLastError: 'Попытка обращения к неверному адресу.' (Address: 00007FF91ECE306E)
0x00007FF91ECE306E (KERNELBASE) (function-name not available)
0x00007FF8B48147E2 (UnityPlayer) UnityMain
0x00007FF8B40A1680 (UnityPlayer) UnityMain
0x00007FF8B40A2750 (UnityPlayer) UnityMain
0x00007FF8B418EEB8 (UnityPlayer) UnityMain
ERROR: SymGetSymFromAddr64, GetLastError: 'Попытка обращения к неверному адресу.' (Address: 00007FF920A07034)
0x00007FF920A07034 (KERNEL32) (function-name not available)
ERROR: SymGetSymFromAddr64, GetLastError: 'Попытка обращения к неверному адресу.' (Address: 00007FF9210626A1)
0x00007FF9210626A1 (ntdll) (function-name not available)


Call Stack for Thread 11848:
ERROR: SymGetSymFromAddr64, GetLastError: 'Попытка обращения к неверному адресу.' (Address: 00007FF9210AD144)
0x00007FF9210AD144 (ntdll) (function-name not available)
ERROR: SymGetSymFromAddr64, GetLastError: 'Попытка обращения к неверному адресу.' (Address: 00007FF91ECE306E)
0x00007FF91ECE306E (KERNELBASE) (function-name not available)
0x00007FF8B48147E2 (UnityPlayer) UnityMain
0x00007FF8B40A1680 (UnityPlayer) UnityMain
0x00007FF8B40A2750 (UnityPlayer) UnityMain
0x00007FF8B418EEB8 (UnityPlayer) UnityMain
ERROR: SymGetSymFromAddr64, GetLastError: 'Попытка обращения к неверному адресу.' (Address: 00007FF920A07034)
0x00007FF920A07034 (KERNEL32) (function-name not available)
ERROR: SymGetSymFromAddr64, GetLastError: 'Попытка обращения к неверному адресу.' (Address: 00007FF9210626A1)
0x00007FF9210626A1 (ntdll) (function-name not available)


Call Stack for Thread 5948:
ERROR: SymGetSymFromAddr64, GetLastError: 'Попытка обращения к неверному адресу.' (Address: 00007FF9210AD144)
0x00007FF9210AD144 (ntdll) (function-name not available)
ERROR: SymGetSymFromAddr64, GetLastError: 'Попытка обращения к неверному адресу.' (Address: 00007FF91ECE306E)
0x00007FF91ECE306E (KERNELBASE) (function-name not available)
0x00007FF8B48147E2 (UnityPlayer) UnityMain
0x00007FF8B40A1680 (UnityPlayer) UnityMain
0x00007FF8B40A2750 (UnityPlayer) UnityMain
0x00007FF8B418EEB8 (UnityPlayer) UnityMain
ERROR: SymGetSymFromAddr64, GetLastError: 'Попытка обращения к неверному адресу.' (Address: 00007FF920A07034)
0x00007FF920A07034 (KERNEL32) (function-name not available)
ERROR: SymGetSymFromAddr64, GetLastError: 'Попытка обращения к неверному адресу.' (Address: 00007FF9210626A1)
0x00007FF9210626A1 (ntdll) (function-name not available)


Call Stack for Thread 6936:
ERROR: SymGetSymFromAddr64, GetLastError: 'Попытка обращения к неверному адресу.' (Address: 00007FF9210AD144)
0x00007FF9210AD144 (ntdll) (function-name not available)
ERROR: SymGetSymFromAddr64, GetLastError: 'Попытка обращения к неверному адресу.' (Address: 00007FF91ECE306E)
0x00007FF91ECE306E (KERNELBASE) (function-name not available)
0x00007FF8B48147E2 (UnityPlayer) UnityMain
0x00007FF8B40A1680 (UnityPlayer) UnityMain
0x00007FF8B40A2750 (UnityPlayer) UnityMain
0x00007FF8B418EEB8 (UnityPlayer) UnityMain
ERROR: SymGetSymFromAddr64, GetLastError: 'Попытка обращения к неверному адресу.' (Address: 00007FF920A07034)
0x00007FF920A07034 (KERNEL32) (function-name not available)
ERROR: SymGetSymFromAddr64, GetLastError: 'Попытка обращения к неверному адресу.' (Address: 00007FF9210626A1)
0x00007FF9210626A1 (ntdll) (function-name not available)


Call Stack for Thread 7036:
ERROR: SymGetSymFromAddr64, GetLastError: 'Попытка обращения к неверному адресу.' (Address: 00007FF9210AD144)
0x00007FF9210AD144 (ntdll) (function-name not available)
ERROR: SymGetSymFromAddr64, GetLastError: 'Попытка обращения к неверному адресу.' (Address: 00007FF91ECE306E)
0x00007FF91ECE306E (KERNELBASE) (function-name not available)
0x00007FF8B48147E2 (UnityPlayer) UnityMain
0x00007FF8B418FF2A (UnityPlayer) UnityMain
0x00007FF8B40E55AC (UnityPlayer) UnityMain
0x00007FF8B418EEB8 (UnityPlayer) UnityMain
ERROR: SymGetSymFromAddr64, GetLastError: 'Попытка обращения к неверному адресу.' (Address: 00007FF920A07034)
0x00007FF920A07034 (KERNEL32) (function-name not available)
ERROR: SymGetSymFromAddr64, GetLastError: 'Попытка обращения к неверному адресу.' (Address: 00007FF9210626A1)
0x00007FF9210626A1 (ntdll) (function-name not available)


Call Stack for Thread 4888:
ERROR: SymGetSymFromAddr64, GetLastError: 'Попытка обращения к неверному адресу.' (Address: 00007FF9210AD144)
0x00007FF9210AD144 (ntdll) (function-name not available)
ERROR: SymGetSymFromAddr64, GetLastError: 'Попытка обращения к неверному адресу.' (Address: 00007FF91ECE306E)
0x00007FF91ECE306E (KERNELBASE) (function-name not available)
0x00007FF8B48147E2 (UnityPlayer) UnityMain
0x00007FF8B3F97EBD (UnityPlayer) UnityMain
0x00007FF8B418EEB8 (UnityPlayer) UnityMain
ERROR: SymGetSymFromAddr64, GetLastError: 'Попытка обращения к неверному адресу.' (Address: 00007FF920A07034)
0x00007FF920A07034 (KERNEL32) (function-name not available)
ERROR: SymGetSymFromAddr64, GetLastError: 'Попытка обращения к неверному адресу.' (Address: 00007FF9210626A1)
0x00007FF9210626A1 (ntdll) (function-name not available)


Call Stack for Thread 7508:
ERROR: SymGetSymFromAddr64, GetLastError: 'Попытка обращения к неверному адресу.' (Address: 00007FF9210ADC14)
0x00007FF9210ADC14 (ntdll) (function-name not available)
ERROR: SymGetSymFromAddr64, GetLastError: 'Попытка обращения к неверному адресу.' (Address: 00007FF91ED10460)
0x00007FF91ED10460 (KERNELBASE) (function-name not available)
ERROR: SymGetSymFromAddr64, GetLastError: 'Попытка обращения к неверному адресу.' (Address: 00007FF91F283816)
0x00007FF91F283816 (combase) (function-name not available)
ERROR: SymGetSymFromAddr64, GetLastError: 'Попытка обращения к неверному адресу.' (Address: 00007FF91F28356D)
0x00007FF91F28356D (combase) (function-name not available)
ERROR: SymGetSymFromAddr64, GetLastError: 'Попытка обращения к неверному адресу.' (Address: 00007FF91F283429)
0x00007FF91F283429 (combase) (function-name not available)
ERROR: SymGetSymFromAddr64, GetLastError: 'Попытка обращения к неверному адресу.' (Address: 00007FF920A07034)
0x00007FF920A07034 (KERNEL32) (function-name not available)
ERROR: SymGetSymFromAddr64, GetLastError: 'Попытка обращения к неверному адресу.' (Address: 00007FF9210626A1)
0x00007FF9210626A1 (ntdll) (function-name not available)


Call Stack for Thread 5536:
ERROR: SymGetSymFromAddr64, GetLastError: 'Попытка обращения к неверному адресу.' (Address: 00007FF9210AD144)
0x00007FF9210AD144 (ntdll) (function-name not available)
ERROR: SymGetSymFromAddr64, GetLastError: 'Попытка обращения к неверному адресу.' (Address: 00007FF91ECE306E)
0x00007FF91ECE306E (KERNELBASE) (function-name not available)
0x00007FF8B48147E2 (UnityPlayer) UnityMain
0x00007FF8B418FF2A (UnityPlayer) UnityMain
ERROR: SymGetSymFromAddr64, GetLastError: 'Попытка обращения к неверному адресу.' (Address: 00007FF8B3E540D1)
0x00007FF8B3E540D1 (UnityPlayer) (function-name not available)
ERROR: SymGetSymFromAddr64, GetLastError: 'Попытка обращения к неверному адресу.' (Address: 00007FF8B3E5F94D)
0x00007FF8B3E5F94D (UnityPlayer) (function-name not available)
ERROR: SymGetSymFromAddr64, GetLastError: 'Попытка обращения к неверному адресу.' (Address: 00007FF8B3E5FA28)
0x00007FF8B3E5FA28 (UnityPlayer) (function-name not available)
0x00007FF8B418EEB8 (UnityPlayer) UnityMain
ERROR: SymGetSymFromAddr64, GetLastError: 'Попытка обращения к неверному адресу.' (Address: 00007FF920A07034)
0x00007FF920A07034 (KERNEL32) (function-name not available)
ERROR: SymGetSymFromAddr64, GetLastError: 'Попытка обращения к неверному адресу.' (Address: 00007FF9210626A1)
0x00007FF9210626A1 (ntdll) (function-name not available)


Call Stack for Thread 10980:
ERROR: SymGetSymFromAddr64, GetLastError: 'Попытка обращения к неверному адресу.' (Address: 00007FF9210AD144)
0x00007FF9210AD144 (ntdll) (function-name not available)
ERROR: SymGetSymFromAddr64, GetLastError: 'Попытка обращения к неверному адресу.' (Address: 00007FF91ECE306E)
0x00007FF91ECE306E (KERNELBASE) (function-name not available)
0x00007FF8B493186A (UnityPlayer) UnityMain
0x00007FF8B49317BE (UnityPlayer) UnityMain
0x00007FF8B48BF5A6 (UnityPlayer) UnityMain
0x00007FF8B4D6D340 (UnityPlayer) UnityMain
ERROR: SymGetSymFromAddr64, GetLastError: 'Попытка обращения к неверному адресу.' (Address: 00007FF920A07034)
0x00007FF920A07034 (KERNEL32) (function-name not available)
ERROR: SymGetSymFromAddr64, GetLastError: 'Попытка обращения к неверному адресу.' (Address: 00007FF9210626A1)
0x00007FF9210626A1 (ntdll) (function-name not available)


Call Stack for Thread 7988:
ERROR: SymGetSymFromAddr64, GetLastError: 'Попытка обращения к неверному адресу.' (Address: 00007FF9210AD144)
0x00007FF9210AD144 (ntdll) (function-name not available)
ERROR: SymGetSymFromAddr64, GetLastError: 'Попытка обращения к неверному адресу.' (Address: 00007FF91ECE306E)
0x00007FF91ECE306E (KERNELBASE) (function-name not available)
0x00007FF8B4913F95 (UnityPlayer) UnityMain
0x00007FF8B48BD87A (UnityPlayer) UnityMain
0x00007FF8B48BF571 (UnityPlayer) UnityMain
0x00007FF8B4D6D340 (UnityPlayer) UnityMain
ERROR: SymGetSymFromAddr64, GetLastError: 'Попытка обращения к неверному адресу.' (Address: 00007FF920A07034)
0x00007FF920A07034 (KERNEL32) (function-name not available)
ERROR: SymGetSymFromAddr64, GetLastError: 'Попытка обращения к неверному адресу.' (Address: 00007FF9210626A1)
0x00007FF9210626A1 (ntdll) (function-name not available)


Call Stack for Thread 9476:
ERROR: SymGetSymFromAddr64, GetLastError: 'Попытка обращения к неверному адресу.' (Address: 00007FF9210AD744)
0x00007FF9210AD744 (ntdll) (function-name not available)
ERROR: SymGetSymFromAddr64, GetLastError: 'Попытка обращения к неверному адресу.' (Address: 00007FF91ED0B03E)
0x00007FF91ED0B03E (KERNELBASE) (function-name not available)
0x00007FF8B48BDA2A (UnityPlayer) UnityMain
0x00007FF8B48BF5D4 (UnityPlayer) UnityMain
0x00007FF8B4D6D340 (UnityPlayer) UnityMain
ERROR: SymGetSymFromAddr64, GetLastError: 'Попытка обращения к неверному адресу.' (Address: 00007FF920A07034)
0x00007FF920A07034 (KERNEL32) (function-name not available)
ERROR: SymGetSymFromAddr64, GetLastError: 'Попытка обращения к неверному адресу.' (Address: 00007FF9210626A1)
0x00007FF9210626A1 (ntdll) (function-name not available)


Call Stack for Thread 10768:
ERROR: SymGetSymFromAddr64, GetLastError: 'Попытка обращения к неверному адресу.' (Address: 00007FF9210AD144)
0x00007FF9210AD144 (ntdll) (function-name not available)
ERROR: SymGetSymFromAddr64, GetLastError: 'Попытка обращения к неверному адресу.' (Address: 00007FF91ECE306E)
0x00007FF91ECE306E (KERNELBASE) (function-name not available)
0x00007FF8B48147E2 (UnityPlayer) UnityMain
0x00007FF8B40FDEAA (UnityPlayer) UnityMain
0x00007FF8B40FE029 (UnityPlayer) UnityMain
0x00007FF8B418EEB8 (UnityPlayer) UnityMain
ERROR: SymGetSymFromAddr64, GetLastError: 'Попытка обращения к неверному адресу.' (Address: 00007FF920A07034)
0x00007FF920A07034 (KERNEL32) (function-name not available)
ERROR: SymGetSymFromAddr64, GetLastError: 'Попытка обращения к неверному адресу.' (Address: 00007FF9210626A1)
0x00007FF9210626A1 (ntdll) (function-name not available)


Call Stack for Thread 9696:
ERROR: SymGetSymFromAddr64, GetLastError: 'Попытка обращения к неверному адресу.' (Address: 00007FF9210B0B14)
0x00007FF9210B0B14 (ntdll) (function-name not available)
ERROR: SymGetSymFromAddr64, GetLastError: 'Попытка обращения к неверному адресу.' (Address: 00007FF921062E17)
0x00007FF921062E17 (ntdll) (function-name not available)
ERROR: SymGetSymFromAddr64, GetLastError: 'Попытка обращения к неверному адресу.' (Address: 00007FF920A07034)
0x00007FF920A07034 (KERNEL32) (function-name not available)
ERROR: SymGetSymFromAddr64, GetLastError: 'Попытка обращения к неверному адресу.' (Address: 00007FF9210626A1)
0x00007FF9210626A1 (ntdll) (function-name not available)


Call Stack for Thread 1384:
ERROR: SymGetSymFromAddr64, GetLastError: 'Попытка обращения к неверному адресу.' (Address: 00007FF9210B0B14)
0x00007FF9210B0B14 (ntdll) (function-name not available)
ERROR: SymGetSymFromAddr64, GetLastError: 'Попытка обращения к неверному адресу.' (Address: 00007FF921062E17)
0x00007FF921062E17 (ntdll) (function-name not available)
ERROR: SymGetSymFromAddr64, GetLastError: 'Попытка обращения к неверному адресу.' (Address: 00007FF920A07034)
0x00007FF920A07034 (KERNEL32) (function-name not available)
ERROR: SymGetSymFromAddr64, GetLastError: 'Попытка обращения к неверному адресу.' (Address: 00007FF9210626A1)
0x00007FF9210626A1 (ntdll) (function-name not available)


Call Stack for Thread 8764:
ERROR: SymGetSymFromAddr64, GetLastError: 'Попытка обращения к неверному адресу.' (Address: 00007FF9210B0B14)
0x00007FF9210B0B14 (ntdll) (function-name not available)
ERROR: SymGetSymFromAddr64, GetLastError: 'Попытка обращения к неверному адресу.' (Address: 00007FF921062E17)
0x00007FF921062E17 (ntdll) (function-name not available)
ERROR: SymGetSymFromAddr64, GetLastError: 'Попытка обращения к неверному адресу.' (Address: 00007FF920A07034)
0x00007FF920A07034 (KERNEL32) (function-name not available)
ERROR: SymGetSymFromAddr64, GetLastError: 'Попытка обращения к неверному адресу.' (Address: 00007FF9210626A1)
0x00007FF9210626A1 (ntdll) (function-name not available)


Call Stack for Thread 7516:
ERROR: SymGetSymFromAddr64, GetLastError: 'Попытка обращения к неверному адресу.' (Address: 00007FF9210B0B14)
0x00007FF9210B0B14 (ntdll) (function-name not available)
ERROR: SymGetSymFromAddr64, GetLastError: 'Попытка обращения к неверному адресу.' (Address: 00007FF921062E17)
0x00007FF921062E17 (ntdll) (function-name not available)
ERROR: SymGetSymFromAddr64, GetLastError: 'Попытка обращения к неверному адресу.' (Address: 00007FF920A07034)
0x00007FF920A07034 (KERNEL32) (function-name not available)
ERROR: SymGetSymFromAddr64, GetLastError: 'Попытка обращения к неверному адресу.' (Address: 00007FF9210626A1)
0x00007FF9210626A1 (ntdll) (function-name not available)


Call Stack for Thread 10172:
ERROR: SymGetSymFromAddr64, GetLastError: 'Попытка обращения к неверному адресу.' (Address: 00007FF9210B0AB4)
0x00007FF9210B0AB4 (ntdll) (function-name not available)
ERROR: SymGetSymFromAddr64, GetLastError: 'Попытка обращения к неверному адресу.' (Address: 00007FF9210743A5)
0x00007FF9210743A5 (ntdll) (function-name not available)
ERROR: SymGetSymFromAddr64, GetLastError: 'Попытка обращения к неверному адресу.' (Address: 00007FF91ED2DA49)
0x00007FF91ED2DA49 (KERNELBASE) (function-name not available)
ERROR: SymGetSymFromAddr64, GetLastError: 'Попытка обращения к неверному адресу.' (Address: 00007FF8CBA2111C)
0x00007FF8CBA2111C (mono-2.0-bdwgc) (function-name not available)
ERROR: SymGetSymFromAddr64, GetLastError: 'Попытка обращения к неверному адресу.' (Address: 00007FF8CBADB841)
0x00007FF8CBADB841 (mono-2.0-bdwgc) (function-name not available)
ERROR: SymGetSymFromAddr64, GetLastError: 'Попытка обращения к неверному адресу.' (Address: 00007FF8CBAD6BD8)
0x00007FF8CBAD6BD8 (mono-2.0-bdwgc) (function-name not available)
ERROR: SymGetSymFromAddr64, GetLastError: 'Попытка обращения к неверному адресу.' (Address: 00007FF8CBAD6966)
0x00007FF8CBAD6966 (mono-2.0-bdwgc) (function-name not available)
ERROR: SymGetSymFromAddr64, GetLastError: 'Попытка обращения к неверному адресу.' (Address: 00007FF920A07034)
0x00007FF920A07034 (KERNEL32) (function-name not available)
ERROR: SymGetSymFromAddr64, GetLastError: 'Попытка обращения к неверному адресу.' (Address: 00007FF9210626A1)
0x00007FF9210626A1 (ntdll) (function-name not available)


Call Stack for Thread 11040:
ERROR: SymGetSymFromAddr64, GetLastError: 'Попытка обращения к неверному адресу.' (Address: 00007FF9210B0AB4)
0x00007FF9210B0AB4 (ntdll) (function-name not available)
ERROR: SymGetSymFromAddr64, GetLastError: 'Попытка обращения к неверному адресу.' (Address: 00007FF9210743A5)
0x00007FF9210743A5 (ntdll) (function-name not available)
ERROR: SymGetSymFromAddr64, GetLastError: 'Попытка обращения к неверному адресу.' (Address: 00007FF91ED2DA49)
0x00007FF91ED2DA49 (KERNELBASE) (function-name not available)
ERROR: SymGetSymFromAddr64, GetLastError: 'Попытка обращения к неверному адресу.' (Address: 00007FF8CBADC647)
0x00007FF8CBADC647 (mono-2.0-bdwgc) (function-name not available)
ERROR: SymGetSymFromAddr64, GetLastError: 'Попытка обращения к неверному адресу.' (Address: 00007FF8CBADC9F8)
0x00007FF8CBADC9F8 (mono-2.0-bdwgc) (function-name not available)
ERROR: SymGetSymFromAddr64, GetLastError: 'Попытка обращения к неверному адресу.' (Address: 00007FF8CBAD6BD8)
0x00007FF8CBAD6BD8 (mono-2.0-bdwgc) (function-name not available)
ERROR: SymGetSymFromAddr64, GetLastError: 'Попытка обращения к неверному адресу.' (Address: 00007FF8CBAD6966)
0x00007FF8CBAD6966 (mono-2.0-bdwgc) (function-name not available)
ERROR: SymGetSymFromAddr64, GetLastError: 'Попытка обращения к неверному адресу.' (Address: 00007FF920A07034)
0x00007FF920A07034 (KERNEL32) (function-name not available)
ERROR: SymGetSymFromAddr64, GetLastError: 'Попытка обращения к неверному адресу.' (Address: 00007FF9210626A1)
0x00007FF9210626A1 (ntdll) (function-name not available)


Call Stack for Thread 11316:
ERROR: SymGetSymFromAddr64, GetLastError: 'Попытка обращения к неверному адресу.' (Address: 00007FF9210B0AB4)
0x00007FF9210B0AB4 (ntdll) (function-name not available)
ERROR: SymGetSymFromAddr64, GetLastError: 'Попытка обращения к неверному адресу.' (Address: 00007FF9210743A5)
0x00007FF9210743A5 (ntdll) (function-name not available)
ERROR: SymGetSymFromAddr64, GetLastError: 'Попытка обращения к неверному адресу.' (Address: 00007FF91ED2DA49)
0x00007FF91ED2DA49 (KERNELBASE) (function-name not available)
ERROR: SymGetSymFromAddr64, GetLastError: 'Попытка обращения к неверному адресу.' (Address: 00007FF8CBADC647)
0x00007FF8CBADC647 (mono-2.0-bdwgc) (function-name not available)
ERROR: SymGetSymFromAddr64, GetLastError: 'Попытка обращения к неверному адресу.' (Address: 00007FF8CBADC9F8)
0x00007FF8CBADC9F8 (mono-2.0-bdwgc) (function-name not available)
ERROR: SymGetSymFromAddr64, GetLastError: 'Попытка обращения к неверному адресу.' (Address: 00007FF8CBAD6BD8)
0x00007FF8CBAD6BD8 (mono-2.0-bdwgc) (function-name not available)
ERROR: SymGetSymFromAddr64, GetLastError: 'Попытка обращения к неверному адресу.' (Address: 00007FF8CBAD6966)
0x00007FF8CBAD6966 (mono-2.0-bdwgc) (function-name not available)
ERROR: SymGetSymFromAddr64, GetLastError: 'Попытка обращения к неверному адресу.' (Address: 00007FF920A07034)
0x00007FF920A07034 (KERNEL32) (function-name not available)
ERROR: SymGetSymFromAddr64, GetLastError: 'Попытка обращения к неверному адресу.' (Address: 00007FF9210626A1)
0x00007FF9210626A1 (ntdll) (function-name not available)


Call Stack for Thread 10624:
ERROR: SymGetSymFromAddr64, GetLastError: 'Попытка обращения к неверному адресу.' (Address: 00007FF9210B0AB4)
0x00007FF9210B0AB4 (ntdll) (function-name not available)
ERROR: SymGetSymFromAddr64, GetLastError: 'Попытка обращения к неверному адресу.' (Address: 00007FF9210743A5)
0x00007FF9210743A5 (ntdll) (function-name not available)
ERROR: SymGetSymFromAddr64, GetLastError: 'Попытка обращения к неверному адресу.' (Address: 00007FF91ED2DA49)
0x00007FF91ED2DA49 (KERNELBASE) (function-name not available)
ERROR: SymGetSymFromAddr64, GetLastError: 'Попытка обращения к неверному адресу.' (Address: 00007FF8CBADC647)
0x00007FF8CBADC647 (mono-2.0-bdwgc) (function-name not available)
ERROR: SymGetSymFromAddr64, GetLastError: 'Попытка обращения к неверному адресу.' (Address: 00007FF8CBADC9F8)
0x00007FF8CBADC9F8 (mono-2.0-bdwgc) (function-name not available)
ERROR: SymGetSymFromAddr64, GetLastError: 'Попытка обращения к неверному адресу.' (Address: 00007FF8CBAD6BD8)
0x00007FF8CBAD6BD8 (mono-2.0-bdwgc) (function-name not available)
ERROR: SymGetSymFromAddr64, GetLastError: 'Попытка обращения к неверному адресу.' (Address: 00007FF8CBAD6966)
0x00007FF8CBAD6966 (mono-2.0-bdwgc) (function-name not available)
ERROR: SymGetSymFromAddr64, GetLastError: 'Попытка обращения к неверному адресу.' (Address: 00007FF920A07034)
0x00007FF920A07034 (KERNEL32) (function-name not available)
ERROR: SymGetSymFromAddr64, GetLastError: 'Попытка обращения к неверному адресу.' (Address: 00007FF9210626A1)
0x00007FF9210626A1 (ntdll) (function-name not available)


Call Stack for Thread 10676:
ERROR: SymGetSymFromAddr64, GetLastError: 'Попытка обращения к неверному адресу.' (Address: 00007FF9210B0B14)
0x00007FF9210B0B14 (ntdll) (function-name not available)
ERROR: SymGetSymFromAddr64, GetLastError: 'Попытка обращения к неверному адресу.' (Address: 00007FF921062E17)
0x00007FF921062E17 (ntdll) (function-name not available)
ERROR: SymGetSymFromAddr64, GetLastError: 'Попытка обращения к неверному адресу.' (Address: 00007FF920A07034)
0x00007FF920A07034 (KERNEL32) (function-name not available)
ERROR: SymGetSymFromAddr64, GetLastError: 'Попытка обращения к неверному адресу.' (Address: 00007FF9210626A1)
0x00007FF9210626A1 (ntdll) (function-name not available)




Stack Memory [0x000000A420AEDAE0-0x000000A420B00000]:
0x20aedae0: 0000032e 00000000 20aedb59 000000a4 ........Y.. ....
0x20aedaf0: 20aedca0 000000a4 b4d9e004 00007ff8 ... ............
0x20aedb00: 000005e3 0000033c b4e40774 00007ff8 ....<...t.......
0x20aedb10: e0008020 000001fb 0000032e 00000000  ...............
0x20aedb20: 0000032e 00000000 0000032e 00000000 ................
0x20aedb30: 00000001 00007ff8 00000000 00000000 ................
0x20aedb40: ff000a0d 00000000 000000c0 00000000 ................
0x20aedb50: 00000002 00000000 00000049 00007ff8 ........I.......
0x20aedb60: 00000000 00000000 b3ed000a 00007ff8 ................
0x20aedb70: 00000003 00000000 00000001 00000000 ................
0x20aedb80: 00000049 00000000 b4e1ca48 00007ff8 I.......H.......
0x20aedb90: b4e1ca48 00007ff8 00000010 00000000 H...............
0x20aedba0: 15555554 00000000 00007f53 00000000 TUU.....S.......
0x20aedbb0: 20aedcc0 000000a4 b4723dca 00007ff8 ... .....=r.....
0x20aedbc0: 1d86ecd0 000001fb 0000000c 00000000 ................
0x20aedbd0: 00000000 00000000 b4d9e004 00007ff8 ................
0x20aedbe0: 1d82be50 000001fb 20aedd08 000000a4 P.......... ....
0x20aedbf0: 20aedc38 000000a4 20aedd08 000000a4 8.. ....... ....
0x20aedc00: 00000000 00000000 b4d6f800 00007ff8 ................
0x20aedc10: 1d82be50 000001fb 00000000 00000000 P...............
0x20aedc20: 00000001 000000a4 00000000 00000000 ................
0x20aedc30: b511f100 00007ff8 b4d6fa05 00007ff8 ................
0x20aedc40: 00000000 00000000 00000001 000000a4 ................
0x20aedc50: 00000000 00000000 20aedc00 000000a4 ........... ....
0x20aedc60: 1d82be50 000001fb 00000000 00000000 P...............
0x20aedc70: 00000001 00007ff8 b4724f1b 00007ff8 .........Or.....
0x20aedc80: 1d82be50 000001fb 1d82be50 000001fb P.......P.......
0x20aedc90: 1d82be50 000001fb 20aedc88 000000a4 P.......... ....
0x20aedca0: e0000010 000001fb b4d9e004 00007ff8 ................
0x20aedcb0: 20aedc08 000000a4 20aedc30 000000a4 ... ....0.. ....
0x20aedcc0: b4d9e004 00007ff8 000005e3 ffffffff ................
0x20aedcd0: 00008011 00000000 00000000 00000000 ................
0x20aedce0: 00000000 00000000 b4813501 00007ff8 .........5......
0x20aedcf0: 20aede00 000000a4 b3edf202 00007ff8 ... ............
0x20aedd00: 0000000c 00000000 00007f53 00000000 ........S.......
0x20aedd10: e0000010 000001fb 0000000a 00000000 ................
0x20aedd20: 00000010 00000000 b4e37e18 00007ff8 .........~......
0x20aedd30: 00000000 000000a4 b4e1ca48 00007ff8 ........H.......
0x20aedd40: e0000010 000001fb b4d9e004 00007ff8 ................
0x20aedd50: b4d9e004 00007ff8 b4d9e004 00007ff8 ................
0x20aedd60: b4d9e004 00007ff8 000005e3 ffffffff ................
0x20aedd70: 00008011 00000000 00000000 00000000 ................
0x20aedd80: 00000000 00000000 b4813501 00007ff8 .........5......
0x20aedd90: 20aede10 000000a4 15556000 00000000 ... .....`U.....
0x20aedda0: 00000000 00007ff8 00000023 00000000 ........#.......
0x20aeddb0: 00000010 00000000 00000006 00000000 ................
0x20aeddc0: 00000010 00000000 b3edd01c 00007ff8 ................
0x20aeddd0: 00000010 00000000 b3edd271 00007ff8 ........q.......
0x20aedde0: 15556000 00000000 b513c7a0 00007ff8 .`U.............
0x20aeddf0: 15556000 00000000 b512fa40 00007ff8 .`U.....@.......
0x20aede00: 20aede10 000000a4 3f285380 000001fb ... .....S(?....
0x20aede10: 01000000 00007f01 000005af 00000000 ................
0x20aede20: 00000000 00000000 00000000 00000000 ................
0x20aede30: 00000000 00000000 00000000 00007ff8 ................
0x20aede40: 00000010 00000000 7b4dd360 000001fd ........`.M{....
0x20aede50: 0bf34000 000001fe 20aedf60 000000a4 .@......`.. ....
0x20aede60: 00000000 00000000 b3ee4461 00007ff8 ........aD......
0x20aede70: 10001000 00000201 b474dce5 00007ff8 ..........t.....
0x20aede80: 15800000 00000000 b474e1bc 00007ff8 ..........t.....
0x20aede90: b513c8c0 00007ff8 00000010 00000000 ................
0x20aedea0: 13a01800 00000200 00000000 00000000 ................
0x20aedeb0: b513c7a0 00007ff8 b3ee2d6e 00007ff8 ........n-......
0x20aedec0: 15556000 00000000 15800000 00000000 .`U.............
0x20aeded0: 15555554 00000000 b474dce5 00007ff8 TUU.......t.....
0x20aedee0: 00000010 00000000 e4f37f53 000001fc ........S.......
0x20aedef0: 00000030 00000000 b474dce5 00007ff8 0.........t.....
0x20aedf00: 00000010 00000000 b3ee2e9c 00007ff8 ................
0x20aedf10: b513c7a0 00007ff8 00000030 00000000 ........0.......
0x20aedf20: 13a018c0 00000200 b4190a73 00007ff8 ........s.......
0x20aedf30: b513c7a0 00007ff8 00000030 00000000 ........0.......
0x20aedf40: 65a766e0 000001ff b41901a2 00007ff8 .f.e............
0x20aedf50: 00000000 00000000 b4190a73 00007ff8 ........s.......
0x20aedf60: 00000010 00000000 00000004 00000000 ................
0x20aedf70: 7b4dd360 000001fd b513c7a0 00007ff8 `.M{............
0x20aedf80: b513cb20 00007ff8 b41901a2 00007ff8  ...............
0x20aedf90: 00000010 00000000 b512b9c0 00007ff8 ................
0x20aedfa0: 00000001 00000000 00000000 00000000 ................
0x20aedfb0: 15555554 00000000 b3edd0ce 00007ff8 TUU.............
0x20aedfc0: 0000000c 00000000 0000000c 00000000 ................
0x20aedfd0: b512b8a0 00007ff8 0bf34000 000001fe .........@......
0x20aedfe0: 00000000 000001fd b513c7a0 00007ff8 ................
0x20aedff0: b513cb20 00007ff8 b3ee090a 00007ff8  ...............
0x20aee000: 1d8d0940 000001fb 00002000 00000000 @........ ......
0x20aee010: 00000001 00000000 20aee180 000000a4 ........... ....
0x20aee020: 15555554 00000000 b3edccd3 00007ff8 TUU.............
0x20aee030: 00000000 00000000 7b4dd360 000001fd ........`.M{....
0x20aee040: 00000004 00000000 00000000 00000000 ................
0x20aee050: 00000000 00000000 b4e1ca48 00007ff8 ........H.......
0x20aee060: 00000000 00000000 7b4dd360 000001fd ........`.M{....
0x20aee070: d2623c60 000001fe b3fe4491 00007ff8 `<b......D......
0x20aee080: d2623c60 000001fe 20aee180 000000a4 `<b........ ....
0x20aee090: 00000000 00000000 cbd0d5bc 00007ff8 ................
0x20aee0a0: b512b8a0 00007ff8 b4d9e004 00007ff8 ................
0x20aee0b0: 000003e6 00000000 00000030 00000000 ........0.......
0x20aee0c0: 2cb901d0 000001fd 3f3211d4 000001fb ...,......2?....
0x20aee0d0: 00000000 00002000 2cb901d0 000001fd ..... .....,....
0x20aee0e0: 00000022 00000000 b3f91e14 00007ff8 "...............
0x20aee0f0: 1d8c4240 000001fb 20aee140 000000a4 @B......@.. ....
0x20aee100: 20aee0d0 000000a4 000003e6 00000000 ... ............
0x20aee110: ffffffff ffffffff e362d580 000001ff ..........b.....
0x20aee120: 00000000 00000000 00000397 00000000 ................
0x20aee130: 1abc2b00 00000000 7b4dd360 000001fd .+......`.M{....
0x20aee140: 20aee180 000000a4 3f32114b 000001fb ... ....K.2?....
0x20aee150: 00000000 00000000 d4efd100 000001ff ................
0x20aee160: 0bf34000 000001fe 1d8d0940 000001fb .@......@.......
0x20aee170: c77d5600 000001fd 1d8d0940 000001fb .V}.....@.......
0x20aee180: 0bf34000 000001fe e36b3480 000001ff .@.......4k.....
0x20aee190: 7b4dd360 000001fd e39a7ca0 000001ff `.M{.....|......
0x20aee1a0: 00000000 00000000 00000001 00000000 ................
0x20aee1b0: 20aee290 000000a4 b42d9097 00007ff8 ... ......-.....
0x20aee1c0: d4efd101 000001ff c77d5601 000001fd .........V}.....
0x20aee1d0: 00000004 00000000 00002000 00000000 ......... ......
0x20aee1e0: 00000000 00000000 092da093 000001fd ..........-.....
0x20aee1f0: d4efd100 000001ff 000003e5 00000000 ................
0x20aee200: e39a7ca0 000001ff 00000001 00000000 .|..............
0x20aee210: 000003e6 00000000 2f3534e9 000001fd .........45/....
0x20aee220: e39a7ca0 000001ff 000003e6 00000000 .|..............
0x20aee230: e39a7ca0 000001ff e39a7ca0 000001ff .|.......|......
0x20aee240: 1d8c4240 000001fb 20aee290 000000a4 @B......... ....
0x20aee250: 20aee220 000000a4 000003e6 00000000  .. ............
0x20aee260: e3e2cf90 000001ff d44ffe10 000001ff ..........O.....
0x20aee270: 7b4dd360 000001fd e36b3480 000001ff `.M{.....4k.....
0x20aee280: 0bf34000 000001fe e3c1e000 000001ff .@..............
0x20aee290: 20aee510 000000a4 2e6abaab 000001fd ... ......j.....
0x20aee2a0: 20aeee70 000000a4 cbabf4b0 00007ff8 p.. ............
0x20aee2b0: 00000400 00000000 20aeee70 000000a4 ........p.. ....
0x20aee2c0: 00000000 00000000 20aee310 000000a4 ........... ....
0x20aee2d0: 00000000 000000a4 00000000 00000000 ................
0x20aee2e0: 6b534fe0 000001ff e3944f80 000001ff .OSk.....O......
0x20aee2f0: e3e2cf90 000001ff 6b534fe0 000001ff .........OSk....
0x20aee300: e39a7ca0 000001ff 65a76730 000001ff .|......0g.e....
0x20aee310: 65a76730 000001ff 65a76730 000001ff 0g.e....0g.e....
0x20aee320: 65a76730 000001ff fffeae10 ffffffff 0g.e............
0x20aee330: e362d580 000001ff 7b4dd360 000001fd ..b.....`.M{....
0x20aee340: e362d580 000001ff 20aeee70 000000a4 ..b.....p.. ....
0x20aee350: 00000400 00000000 3f3211d4 000001fb ..........2?....
0x20aee360: 20aeeee0 000000a4 e6c52220 000001fc ... .... "......
0x20aee370: 20aeee70 000000a4 00000400 00000000 p.. ............
0x20aee380: 1d8c4240 000001fb 20aee3d0 000000a4 @B......... ....
0x20aee390: 20aee360 000000a4 20aeee70 000000a4 `.. ....p.. ....
0x20aee3a0: 7b4dd360 000001fd e3c0cf50 000001ff `.M{....P.......
0x20aee3b0: 20aeeee0 000000a4 000003e6 000001fc ... ............
0x20aee3c0: d4efd100 000001ff 000003e7 000001ff ................
0x20aee3d0: 20aee410 000000a4 3f32114b 000001fb ... ....K.2?....
0x20aee3e0: 00000000 00000000 6b534fe0 000001ff .........OSk....
0x20aee3f0: 00000000 00000000 00000000 00000000 ................
0x20aee400: 00000000 00000000 00000000 00000000 ................
0x20aee410: 00000000 00000000 00000000 00000000 ................
0x20aee420: 00000000 00000000 00000000 00000000 ................
0x20aee430: 00000000 00000000 00000000 00000000 ................
0x20aee440: 00000000 00000000 00000000 00000000 ................
0x20aee450: 00000000 00000000 20aeee70 000000a4 ........p.. ....
0x20aee460: 00000000 00000000 7b4dd360 000001fd ........`.M{....
0x20aee470: 3f540000 3f008800 3c800000 3c800000 ..T?...?...<...<
0x20aee480: 3f540000 3f008800 3c800000 3c800000 ..T?...?...<...<
0x20aee490: 3f540000 3f008800 3c800000 3c800000 ..T?...?...<...<
0x20aee4a0: 7b4dd360 000001fd 7b4dd360 000001fd `.M{....`.M{....
0x20aee4b0: c3e71108 000001ff 20aee570 000000a4 ........p.. ....
0x20aee4c0: 20aee510 000000a4 3f32dce3 000001fb ... ......2?....
0x20aee4d0: 768f1c90 000001fd 20aeee70 000000a4 ...v....p.. ....
0x20aee4e0: 20aee638 000000a4 7b4dd360 000001fd 8.. ....`.M{....
0x20aee4f0: 20aeeee0 000000a4 e6c52220 000001fc ... .... "......
0x20aee500: 20aeee70 000000a4 d44ffe10 000001ff p.. ......O.....
0x20aee510: 20aee5c0 000000a4 2e6aa66b 000001fd ... ....k.j.....
0x20aee520: 20aee550 000000a4 2e6aa38b 000001fd P.. ......j.....
0x20aee530: 1d8c4240 000001fb 20aee580 000000a4 @B......... ....
0x20aee540: 20aee510 000000a4 d44ffe10 000001ff ... ......O.....
0x20aee550: 00000000 00000000 20aee570 000000a4 ........p.. ....
0x20aee560: 00000000 00000000 00000000 00000000 ................
0x20aee570: 768f1c90 000001fd 000003e8 00001126 ...v........&...
0x20aee580: 00000000 00000000 00000000 00000000 ................
0x20aee590: 00000000 000003e7 00000000 00000000 ................
0x20aee5a0: 20aee510 000000a4 7b4dd360 000001fd ... ....`.M{....
0x20aee5b0: 00004000 00000000 00000001 00000000 .@..............
0x20aee5c0: 20aee700 000000a4 2e6a9b2b 000001fd ... ....+.j.....
0x20aee5d0: 00000000 00000000 00000000 00000000 ................
0x20aee5e0: 00000000 00000000 00000000 00000000 ................
0x20aee5f0: 00000000 00000000 7d231810 000001fd ..........#}....
0x20aee600: 20aee638 000000a4 00000080 00000000 8.. ............
0x20aee610: 02b21ccc 00000000 00000000 00000000 ................
0x20aee620: 00000000 00000000 20aee690 000000a4 ........... ....
0x20aee630: 00000000 00000000 768f1c90 000001fd ...........v....
0x20aee640: 02b21ccc 00000000 3f28dae0 000001fb ..........(?....
0x20aee650: 00000008 00000006 00000000 00000000 ................
0x20aee660: 7d3887e0 000001fd 7db68870 000001fd ..8}....p..}....
0x20aee670: 00000002 00000000 00000000 00000000 ................
0x20aee680: 7d3887e0 000001fd 7db68870 000001fd ..8}....p..}....
0x20aee690: 7d3887e0 000001fd 000003e8 000003e7 ..8}............
0x20aee6a0: 00000000 00000000 7d3887e0 000001fd ..........8}....
0x20aee6b0: 7db68870 000001fd 1f1a0220 000001fb p..}.... .......
0x20aee6c0: 00000000 00000000 07f5fea0 000001fd ................
0x20aee6d0: 2e6a97e0 000001fd 0e8eb720 000001fd ..j..... .......
0x20aee6e0: 20aee5c0 000000a4 1f1a0220 000001fb ... .... .......
0x20aee6f0: 00000001 00000000 00000000 00000000 ................
0x20aee700: 20aee790 000000a4 1cbd1ef3 000001fd ... ............
0x20aee710: 07ee8620 000001fd 20aeeee0 000000a4  .......... ....
0x20aee720: 20aeee70 000000a4 63bb06e0 000001ff p.. .......c....
0x20aee730: 20aee790 000000a4 e71b8313 000001fc ... ............
0x20aee740: 00000000 00000000 00000001 00000000 ................
0x20aee750: 00000000 00000000 8030a43b 000001fd ........;.0.....
0x20aee760: 1f1a21f0 000001fb 20aee700 000000a4 .!......... ....
0x20aee770: 0b3b732f 000001fd 1f1a0ef0 000001fb /s;.............
0x20aee780: 00000000 00000000 1f1a21f0 000001fb .........!......
0x20aee790: 20aee890 000000a4 0b3b44cc 000001fd ... .....D;.....
0x20aee7a0: c4997560 00000000 00000000 00000000 `u..............
0x20aee7b0: 42dd9606 00000000 00000000 00000000 ...B............
0x20aee7c0: 00000010 00000000 0eae7880 000001fb .........x......
0x20aee7d0: 1d8d0940 000001fb 3f3211d4 000001fb @.........2?....
0x20aee7e0: 00000000 00000000 0eae7880 000001fb .........x......
0x20aee7f0: 00005a73 4099375e 0915e510 000001fd sZ..^7.@........
0x20aee800: 0eae7880 000001fb 00005a73 000000a4 .x......sZ......
0x20aee810: 0915e510 000001fd 07ee8620 000001fd ........ .......
0x20aee820: 63bb06e0 000001ff 0eae7880 000001fb ...c.....x......
0x20aee830: 00005a73 000000a4 0915e510 000001fd sZ..............
0x20aee840: 00005a77 000000a4 0915e510 000001fd wZ..............
0x20aee850: 7c5daea0 000001fd 00005a73 000001fb ..]|....sZ......
0x20aee860: 7c5daea0 000001fd 0869d1b8 000001fd ..]|......i.....
0x20aee870: 09343495 000001fd 1f1a0220 000001fb .44..... .......
0x20aee880: 20aee790 000000a4 00000000 00000000 ... ............
0x20aee890: 20aee900 000000a4 0b3b551b 000001fd ... .....U;.....
0x20aee8a0: 20aeeb00 000000a4 092de864 000001fd ... ....d.-.....
0x20aee8b0: 00000000 00000000 42d60000 43550000 ...........B..UC
0x20aee8c0: 00000000 00000000 c0000000 405bb2c0 ..............[@
0x20aee8d0: 3f286dc8 000001fb 3f286dd0 000001fb .m(?.....m(?....
0x20aee8e0: 3f286dd8 000001fb 20aee998 000000a4 .m(?....... ....
0x20aee8f0: e520aec0 000001fc 20aeed40 000000a4 .. .....@.. ....
0x20aee900: 20aee960 000000a4 092dec73 000001fd `.. ....s.-.....
0x20aee910: 20aeee70 000000a4 3f2b7f80 000001fb p.. ......+?....
0x20aee920: 20aee960 000000a4 092de66b 000001fd `.. ....k.-.....
0x20aee930: 00000000 00000000 00000000 00000000 ................
0x20aee940: 00000000 00000000 42d60000 43550000 ...........B..UC
0x20aee950: 00000000 00000000 e520aec0 000001fc .......... .....
0x20aee960: 20aee9d0 000000a4 0f27dfb3 000001fd ... ......'.....
0x20aee970: 00000000 00000000 42d60000 43550000 ...........B..UC
0x20aee980: 00000000 00000000 42d60000 43550000 ...........B..UC
0x20aee990: 00000000 00000000 beee5e00 bf21d00d .........^....!.
0x20aee9a0: 3f1e947c 000001fc 422ac567 423d7128 |..?....g.*B(q=B
0x20aee9b0: c2afaa8c beee5ea4 bf21d00d 3f1e947c .....^....!.|..?
0x20aee9c0: 422ac567 423d7128 e520aec0 000001fc g.*B(q=B.. .....
0x20aee9d0: 20aeea40 000000a4 092dd73b 000001fd @.. ....;.-.....
0x20aee9e0: c2afaa8c beee5ea4 bf21d00d 3f1e947c .....^....!.|..?
0x20aee9f0: 422ac567 423d7128 c2afaa8c beee5ea4 g.*B(q=B.....^..
0x20aeea00: bf21d00d 3f1e947c 00000000 00000000 ..!.|..?........
0x20aeea10: 00000000 00000000 00000000 00000000 ................
0x20aeea20: 00000000 00000000 cba1f620 00007ff8 ........ .......
0x20aeea30: 00000000 00000000 092dd710 000001fd ..........-.....
0x20aeea40: 20aeead0 000000a4 3f32ec30 000001fb ... ....0.2?....
0x20aeea50: 00000000 00000000 cba1bec9 00007ff8 ................
0x20aeea60: 20aeec00 000000a4 b39f5769 00007ff8 ... ....iW......
0x20aeea70: 20aeeb00 000000a4 20aeee70 000000a4 ... ....p.. ....
0x20aeea80: 00000000 00000000 00000000 00000000 ................
0x20aeea90: 00000000 00000000 00000000 00000000 ................
0x20aeeaa0: 00000000 00000000 e5eb9570 000001fc ........p.......
0x20aeeab0: 20aeed40 000000a4 e5eb9570 000001fc @.. ....p.......
0x20aeeac0: 00000000 00000000 20aeed40 000000a4 ........@.. ....
0x20aeead0: 20aeeb10 000000a4 cbb2e270 00007ff8 ... ....p.......
0x20aeeae0: 6bf671d5 000000a4 20aeed40 000000a4 .q.k....@.. ....
0x20aeeaf0: 00000000 000000a4 e5eb9570 000001fc ........p.......
0x20aeeb00: 20aeeb40 000000a4 cbb2e29b 00007ff8 @.. ............
0x20aeeb10: 00000000 00000000 1d8799e0 000001fb ................
0x20aeeb20: e520aec0 000001fc 20aeeee0 000000a4 .. ........ ....
0x20aeeb30: e6c52220 000001fc 3f282d20 000001fb  "...... -(?....
0x20aeeb40: 00000000 00000000 1d8799e0 000001fb ................
0x20aeeb50: 20aeed40 000000a4 20aeee70 000000a4 @.. ....p.. ....
0x20aeeb60: e6c51b40 000001fc 3f282d20 000001fb @....... -(?....
0x20aeeb70: 00000000 00000000 3f282d20 000001fb ........ -(?....
0x20aeeb80: 20aeed70 000000a4 20aeeed0 000000a4 p.. ....... ....
0x20aeeb90: 00000000 00000000 20aeef80 000000a4 ........... ....
0x20aeeba0: e6c51ff0 000001fc 3f282d20 000001fb ........ -(?....
0x20aeebb0: 00000000 00000000 00000000 00000000 ................
0x20aeebc0: 20aeedb0 000000a4 20aeef10 000000a4 ... ....... ....
0x20aeebd0: 00000001 00000000 b3c416c6 00007ff8 ................
0x20aeebe0: 00010ce0 000001fc 00000000 00000000 ................
0x20aeebf0: 00000001 00000001 003d2b80 000001fc .........+=.....
0x20aeec00: 00000000 00000000 00000000 00000000 ................
0x20aeec10: 00002000 0000985e 0022c6f0 000001fc . ..^.....".....
0x20aeec20: 20aef000 000000a4 00000000 00000000 ... ............
0x20aeec30: 00000000 00000000 00000001 00000000 ................
0x20aeec40: 1d812a44 000001fb 00000001 00000000 D*..............
0x20aeec50: 20aeee50 000000a4 00000000 00000000 P.. ............
0x20aeec60: 33b48445 0000985e 001c9020 000001fc E..3^... .......
0x20aeec70: 003ea108 000001fc 00000000 00000000 ..>.............
0x20aeec80: e520aec0 000001fc 00000001 00000000 .. .............
0x20aeec90: 1d812a44 000001fb e5eb9570 000001fc D*......p.......
0x20aeeca0: 20aeee70 000000a4 20aeed40 000000a4 p.. ....@.. ....
0x20aeecb0: 20aeeee0 000000a4 cbab2ae2 00007ff8 ... .....*......
0x20aeecc0: 1d812a44 000001fb e6227008 000001fc D*.......p".....
0x20aeecd0: 20aeeed0 000000a4 20aeed70 000000a4 ... ....p.. ....
0x20aeece0: 20aeed40 000000a4 cbab2aff 00007ff8 @.. .....*......
0x20aeecf0: 00000000 00000000 20aeee20 000000a4 ........ .. ....
0x20aeed00: e5eb9570 000001fc cbabbb3f 00007ff8 p.......?.......
0x20aeed10: 20aeee70 000000a4 e520aec0 000001fc p.. ...... .....
0x20aeed20: 20aeeee0 000000a4 20aeee50 000000a4 ... ....P.. ....
0x20aeed30: 20aeed40 000000a4 cbabbb72 00007ff8 @.. ....r.......
0x20aeed40: 00000000 000000a4 00000000 00000000 ................
0x20aeed50: 20aeef40 000000a4 00000000 00000000 @.. ............
0x20aeed60: 20aeed70 000000a4 20aeee90 000000a4 p.. ....... ....
0x20aeed70: 0000ffff 00000000 cbabbb72 00007ff8 ........r.......
0x20aeed80: 20aeef10 000000a4 00000000 00000000 ... ............
0x20aeed90: 20aeef80 000000a4 00000000 00000000 ... ............
0x20aeeda0: 20aeedb0 000000a4 00000000 00000000 ... ............
0x20aeedb0: e5eb9570 000001fc b422606d 00007ff8 p.......m`".....
0x20aeedc0: e520aec0 000001fc 00000000 00000000 .. .............
0x20aeedd0: cbabbad0 00007ff8 00000000 00000000 ................
0x20aeede0: 00000000 00000000 b4223443 00007ff8 ........C4".....
0x20aeedf0: 00000000 00000000 20aeefc0 000000a4 ........... ....
0x20aeee00: 20aeee70 000000a4 20aeee80 000000a4 p.. ....... ....
0x20aeee10: 20aeee70 000000a4 b4220a00 00007ff8 p.. ......".....
0x20aeee20: e5eb9570 000001fc 00000000 00000000 p...............
0x20aeee30: e5eb9570 000001fc 00000000 00000000 p...............
0x20aeee40: 20aef050 000000a4 b420c603 00007ff8 P.. ...... .....
0x20aeee50: e520aec0 000001fc f0008f20 000001fc .. ..... .......
0x20aeee60: 00000000 00000000 e5eb9570 000001fc ........p.......
0x20aeee70: 00000000 00000000 f0008f20 000001fc ........ .......
0x20aeee80: 003ea990 000001fc 20aeef80 000000a4 ..>........ ....
0x20aeee90: 003ea6b8 000001fc 00000000 00000000 ..>.............
0x20aeeea0: 00000001 00000000 003ea6b8 000001fc ..........>.....
0x20aeeeb0: 00000000 00000000 b4220695 00007ff8 ..........".....
0x20aeeec0: 00000000 00000000 00000000 00000000 ................
0x20aeeed0: 00000000 00000000 1d812a44 000001fb ........D*......
0x20aeeee0: 00000000 00000000 00000000 00000000 ................
0x20aeeef0: 00000000 00000000 00000000 00000000 ................
0x20aeef00: 00000000 00000000 00000000 00000000 ................
0x20aeef10: 00000000 00000000 00000000 00000000 ................
0x20aeef20: 00000000 00000000 00000000 00000000 ................
0x20aeef30: 00000000 00000000 00000000 00000000 ................
0x20aeef40: 003ea9f8 000001fc 00000000 00000000 ..>.............
0x20aeef50: 00000000 00000000 00000000 00000000 ................
0x20aeef60: 00000000 00000000 00000000 00000000 ................
0x20aeef70: 00000000 000001fc e5eb9570 000001fc ........p.......
0x20aeef80: e520aec0 000001fc 00000000 00000000 .. .............
0x20aeef90: 00004e66 00000000 00000000 00000000 fN..............
0x20aeefa0: 00000000 00000000 b41c0101 00007ff8 ................
0x20aeefb0: f0008f20 000001fc b420c6bd 00007ff8  ......... .....
0x20aeefc0: e520aec0 000001fc c00662d0 000001fb .. ......b......
0x20aeefd0: bc60d724 0000000c 00000000 00000000 $.`.............
0x20aeefe0: 00000000 00000000 b3f98110 00007ff8 ................
0x20aeeff0: e520aec0 000001fc c00662d0 000001fb .. ......b......
0x20aef000: e520aec0 000001fc c00a3f50 000001fb .. .....P?......
0x20aef010: a000c340 000001fc a000c300 000001fc @...............
0x20aef020: 00000000 00000000 20aef028 000000a4 ........(.. ....
0x20aef030: 20aef028 000000a4 c0016800 000001fb (.. .....h......
0x20aef040: f0008fa0 000001fc 00000007 00000000 ................
0x20aef050: 00000000 00000000 b40e63c7 00007ff8 .........c......
0x20aef060: 003eaac8 000001fc 003eab30 000001fc ..>.....0.>.....
0x20aef070: 00000000 00000000 00000000 000001fc ................
0x20aef080: 00000000 00000000 fffffffe 00000000 ................
0x20aef090: 20aef0f0 000000a4 fffffffe 00000000 ... ............
0x20aef0a0: 00000000 00000000 20aef1d0 000000a4 ........... ....
0x20aef0b0: 00000000 00000000 cbabbb72 00007ff8 ........r.......
0x20aef0c0: 20aef250 000000a4 00000000 00000000 P.. ............
0x20aef0d0: e48910a8 000001fc b422607d 00007ff8 ........}`".....
0x20aef0e0: 00000000 00000000 00000000 00000000 ................
0x20aef0f0: cbabbad0 00007ff8 2056ded1 00007ff9 ..........V ....
0x20aef100: 00000000 00000000 b4223453 00007ff8 ........S4".....
0x20aef110: 00000000 00000000 20aef1b8 000000a4 ........... ....
0x20aef120: 20aef1c0 000000a4 20aef1d0 000000a4 ... ....... ....
0x20aef130: 20aef1c0 000000a4 b421da00 00007ff8 ... ......!.....
0x20aef140: 00000000 00000000 b3ea8f3c 00007ff8 ........<.......
0x20aef150: 20aef340 000000a4 00000000 00000000 @.. ............
0x20aef160: 00000000 00000000 b4220695 00007ff8 ..........".....
0x20aef170: 00000000 00000000 00000000 00000000 ................
0x20aef180: 00000000 00000000 00000000 00000000 ................
0x20aef190: 20aef340 000000a4 b39e35c4 00007ff8 @.. .....5......
0x20aef1a0: 00000000 00000000 00000000 00000000 ................
0x20aef1b0: 20aef250 000000a4 00000000 00000000 P.. ............
0x20aef1c0: 00000000 00000000 e48910a8 000001fc ................
0x20aef1d0: 00000001 00000000 00000000 00000000 ................
0x20aef1e0: 0000003e 00000000 003e9130 000001fc >.......0.>.....
0x20aef1f0: 00000000 00000000 b40e6463 00007ff8 ........cd......
0x20aef200: 00000000 00000000 00000000 00000000 ................
0x20aef210: 003eaac8 000001fc 80000012 00000000 ..>.............
0x20aef220: 20aef420 000000a4 b39e35c4 00007ff8  .. .....5......
0x20aef230: 20aef1d0 000000a4 00000000 00000000 ... ............
0x20aef240: 00000000 00000000 00000000 00000000 ................
0x20aef250: 00000000 00000000 00000000 00000000 ................
0x20aef260: 00000000 00000000 00000000 00000000 ................
0x20aef270: 00000000 00000000 00000000 00000000 ................
0x20aef280: 00000000 00000000 00000000 00000000 ................
0x20aef290: 00000001 00000000 20000000 000000a4 ........... ....
0x20aef2a0: 20aef379 000000a4 005fcf20 000001fc y.. .... ._.....
0x20aef2b0: 00000000 00000000 b3e82346 00007ff8 ........F#......
0x20aef2c0: 00000001 000000a4 e48910a8 000001fc ................
0x20aef2d0: 00000000 00000000 00000000 00000000 ................
0x20aef2e0: 00000000 00000000 00000000 00000000 ................
0x20aef2f0: 00000000 00000000 00000101 00000000 ................
0x20aef300: 200aa480 000001fc b3ea1ddf 00007ff8 ... ............
0x20aef310: c0098ce0 000001fb 00000000 00000000 ................
0x20aef320: 00000001 00000000 ffffffff ffffffff ................
0x20aef330: 00000000 00000000 b3ea1810 00007ff8 ................
0x20aef340: 00000001 00007ff9 000d03e0 00000000 ................
0x20aef350: 00000001 00000000 e48910a8 000001fc ................
0x20aef360: 00000000 00000000 b3ea2d84 00007ff8 .........-......
0x20aef370: 200aa480 000001fc 00000000 00000000 ... ............
0x20aef380: 00000000 00000000 00000000 00000000 ................
0x20aef390: 00000000 00000000 b40e88bc 00007ff8 ................
0x20aef3a0: 00000748 00000000 1d812a44 000001fb H.......D*......
0x20aef3b0: 00000748 00000000 00000001 00000000 H...............
0x20aef3c0: 005fcf20 000001fc 00000748 00000000  ._.....H.......
0x20aef3d0: 00000000 00000000 b3e8257e 00007ff8 ........~%......
0x20aef3e0: 00000438 00000780 00000000 00000000 8...............
0x20aef3f0: 0000006b 00000362 42d60000 43550000 k...b......B..UC
0x20aef400: 00000001 00000000 00000000 00007ff8 ................
0x20aef410: 00000000 00000000 b3e9751e 00007ff8 .........u......
0x20aef420: 00000001 00000000 00000000 00000000 ................
0x20aef430: 00000001 00000000 1d812a44 000001fb ........D*......
0x20aef440: 00000000 00000000 b3e9627a 00007ff8 ........zb......
0x20aef450: 00000748 00000000 00000000 00000000 H...............
0x20aef460: 00000000 00000000 00000000 00000000 ................
0x20aef470: 00000001 00000000 00000000 00000000 ................
0x20aef480: 000d03e0 00000000 00000112 00000000 ................
0x20aef490: 0000f140 00000000 00000000 00000000 @...............
0x20aef4a0: 00537413 0000006b 00000362 00000000 .tS.k...b.......
0x20aef4b0: ffffff00 ffffffff b3e9a32c 00007ff8 ........,.......
0x20aef4c0: 00000001 00000000 00000000 00000000 ................
0x20aef4d0: 00000000 00000000 00000000 00000000 ................
0x20aef4e0: 000001f5 00000000 000001f6 00000000 ................
0x20aef4f0: 0000001d 00000000 00000000 00000000 ................
0x20aef500: 00000000 00000000 00000000 00000000 ................
0x20aef510: 00000000 00000000 00000000 00000000 ................
0x20aef520: 00000000 00000000 65726170 5748746e ........parentHW
0x20aef530: 7700444e 00006265 0000000a 00000000 ND.web..........
0x20aef540: 00000049 00000000 e5207f00 000001fc I......... .....
0x20aef550: 00000013 00000000 00000000 00000000 ................
0x20aef560: 00000013 00000000 00000049 00000000 ........I.......
0x20aef570: 00000000 00000000 65646968 646e6957 ........hideWind
0x20aef580: 0000776f 00000000 0000000a 00000000 ow..............
0x20aef590: 00000049 00000000 20000490 000001fb I.......... ....
0x20aef5a0: 0000001e 00000000 00000000 00000000 ................
0x20aef5b0: 0000001e 00000000 00000049 00000000 ........I.......
0x20aef5c0: 00000000 00000000 6564754c 53206e6f ........Ludeon S
0x20aef5d0: 69647574 0000736f 0000000e 00000000 tudios..........
0x20aef5e0: 00000049 00000000 c001f510 000001fb I...............
0x20aef5f0: 00000032 00000000 00000000 00000000 2...............
0x20aef600: 00000032 00000000 00000049 00000000 2.......I.......
0x20aef610: 00000000 00000000 00000000 00000000 ................
0x20aef620: 00000000 00000000 00000000 00000000 ................
0x20aef630: 00000000 00000000 00000000 00000000 ................
0x20aef640: 00000000 00000000 00000000 00000000 ................
0x20aef650: 00000000 00000000 00000000 00000000 ................
0x20aef660: aeb31844 00007ff7 00000000 00000000 D...............
0x20aef670: 00000000 00000000 00000000 00000000 ................
0x20aef680: 00000002 00000000 00000000 00000000 ................
0x20aef690: b3e6f2a0 00007ff8 00000001 00000000 ................
0x20aef6a0: b3e6f450 00007ff8 b3e6f300 00007ff8 P...............
0x20aef6b0: 00000002 00000000 b3e6f150 00007ff8 ........P.......
0x20aef6c0: b3e93d40 00007ff8 1d800000 000001fb @=..............
0x20aef6d0: 1d801000 000001fb 00003000 00000000 .........0......
0x20aef6e0: 00001000 00000000 0000022c 00000000 ........,.......
0x20aef6f0: 00000210 00000000 00000214 00000000 ................
0x20aef700: 00000218 00000000 00000224 00000000 ........$.......
0x20aef710: 00000220 00000000 ffffffff ffffffff  ...............
0x20aef720: ffffffff 00000000 00000000 00000000 ................
0x20aef730: 00000000 00000000 000000c8 00000000 ................
0x20aef740: 00002ba4 00430022 005c003a 00720050 .+..".C.:.\.P.r.
0x20aef750: 0067006f 00610072 0020006d 00690046 o.g.r.a.m. .F.i.
0x20aef760: 0065006c 00200073 00780028 00360038 l.e.s. .(.x.8.6.
0x20aef770: 005c0029 00690052 0057006d 0072006f ).\.R.i.m.W.o.r.
0x20aef780: 0064006c 0055005c 0069006e 00790074 l.d.\.U.n.i.t.y.
0x20aef790: 00720043 00730061 00480068 006e0061 C.r.a.s.h.H.a.n.
0x20aef7a0: 006c0064 00720065 00340036 0065002e d.l.e.r.6.4...e.
0x20aef7b0: 00650078 00200022 002d002d 00740061 x.e.". .-.-.a.t.
0x20aef7c0: 00610074 00680063 00350020 00350031 t.a.c.h. .5.1.5.
0x20aef7d0: 00200036 00310032 00380037 00340030 6. .2.1.7.8.0.4.
0x20aef7e0: 00330033 00310035 00340030 00000030 3.3.5.1.0.4.0...
0x20aef7f0: 00000000 00000000 00000000 00000000 ................
0x20aef800: 00000000 00000000 00000000 00000000 ................
0x20aef810: 00000000 00000000 00000000 00000000 ................
0x20aef820: 00000000 00000000 00000000 00000000 ................
0x20aef830: 00000000 00000000 00000000 00000000 ................
0x20aef840: 00000000 00000000 00000000 00000000 ................
0x20aef850: 00000000 00000000 00000000 00000000 ................
0x20aef860: 00000000 00000000 00000000 00000000 ................
0x20aef870: 00000000 00000000 00000000 00000000 ................
0x20aef880: 00000000 00000000 00000000 00000000 ................
0x20aef890: 00000000 00000000 00000000 00000000 ................
0x20aef8a0: 00000000 00000000 00000000 00000000 ................
0x20aef8b0: 00000000 00000000 00000000 00000000 ................
0x20aef8c0: 00000000 00000000 00000000 00000000 ................
0x20aef8d0: 00000000 00000000 00000000 00000000 ................
0x20aef8e0: 00000000 00000000 00000000 00000000 ................
0x20aef8f0: 00000000 00000000 00000000 00000000 ................
0x20aef900: 00000000 00000000 00000000 00000000 ................
0x20aef910: 00000000 00000000 00000000 00000000 ................
0x20aef920: 00000000 00000000 00000000 00000000 ................
0x20aef930: 00000000 00000000 00000000 00000000 ................
0x20aef940: 00000000 00000000 00000000 00000000 ................
0x20aef950: 00000000 00000000 00000000 00000000 ................
0x20aef960: 00000000 00000000 00000000 00000000 ................
0x20aef970: 00000000 00000000 00000000 00000000 ................
0x20aef980: 00000000 00000000 00000000 00000000 ................
0x20aef990: 00000000 00000000 00000000 00000000 ................
0x20aef9a0: 00000000 00000000 00000000 00000000 ................
0x20aef9b0: 00000000 00000000 00000000 00000000 ................
0x20aef9c0: 00000000 00000000 00000000 00000000 ................
0x20aef9d0: 00000000 00000000 00000000 00000000 ................
0x20aef9e0: 00000000 00000000 00000000 00000000 ................
0x20aef9f0: 00000000 00000000 00000000 00000000 ................
0x20aefa00: 00000000 00000000 00000000 00000000 ................
0x20aefa10: 00000000 00000000 00000000 00000000 ................
0x20aefa20: 00000000 00000000 00000000 00000000 ................
0x20aefa30: 00000000 00000000 00000000 00000000 ................
0x20aefa40: 00000000 00000000 00000000 00000000 ................
0x20aefa50: 00000000 00000000 00000000 00000000 ................
0x20aefa60: 00000000 00000000 00000000 00000000 ................
0x20aefa70: 00000000 00000000 00000000 00000000 ................
0x20aefa80: 00000000 00000000 00000000 00000000 ................
0x20aefa90: 00000000 00000000 00000000 00000000 ................
0x20aefaa0: 00000000 00000000 00000000 00000000 ................
0x20aefab0: 00000000 00000000 00000000 00000000 ................
0x20aefac0: 00000000 00000000 00000000 00000000 ................
0x20aefad0: 00000000 00000000 00000000 00000000 ................

Module 1
C:\Windows\SYSTEM32\xinput1_3.dll
Image Base: 0x00400000  Image Size: 0x0001e000
File Size:  107368      File Time:  2007-04-04_185422
Version:
   Company:    Microsoft Corporation
   Product:    Microsoft® DirectX for Windows®
   FileDesc:   Microsoft Common Controller API
   FileVer:    9.18.944.0
   ProdVer:    9.18.944.0

Module 2
C:\Program Files\Bonjour\mdnsNSP.dll
Image Base: 0x62900000  Image Size: 0x00026000
File Size:  133392      File Time:  2015-08-12_160342
Version:
   Company:    Apple Inc.
   Product:    Bonjour
   FileDesc:   Bonjour Namespace Provider
   FileVer:    3.1.0.1
   ProdVer:    3.1.0.1

Crash Report configuration:
 * App Name: RimWorld by Ludeon Studios
 * App Version: Unity 2019.4.30f1_e8c891080a1f
 * Mono DLL: C:\Program Files (x86)\RimWorld\MonoBleedingEdge\EmbedRuntime\mono-2.0-bdwgc.dll
 * Bug Reporter App Path: 
 * Crash Report Path: C:\Users\DELL\AppData\Local\Temp\Ludeon Studios\RimWorld by Ludeon Studios\Crashes
 * Is Editor: false

Crash Report metadata:

Additional report files:
 * "C:\Users\DELL\AppData\LocalLow\Ludeon Studios\RimWorld by Ludeon Studios\Player.log" (Output log file)



== [end of error.log] ==
